<?xml version="1.0" encoding="UTF-8"?>
<!-- Generated by org.testng.reporters.JUnitXMLReporter -->
<testsuite ignored="0" hostname="DESKTOP-K66FFMU" failures="1" tests="12" name="chromeTest" time="27.42" errors="0" timestamp="2024-12-10T15:49:37 IST">
  <testcase classname="com.demowebshopproject.tests.LoginTest" name="login" time="2.33"/>
  <testcase classname="com.demowebshopproject.tests.LoginTest" name="readAndDisplayMenuItems" time="0.52"/>
  <testcase classname="com.demowebshopproject.tests.LoginTest" name="compareScreenshots" time="2.239"/>
  <testcase classname="com.demowebshopproject.tests.LoginTest" name="selectProductAndConfiguration" time="3.587"/>
  <testcase classname="com.demowebshopproject.tests.LoginTest" name="addProductToCart" time="0.54"/>
  <testcase classname="com.demowebshopproject.tests.LoginTest" name="navigateToCartAndCheckout" time="4.419"/>
  <testcase classname="com.demowebshopproject.tests.LoginTest" name="provideShippingAddressAndMethod" time="1.488"/>
  <testcase classname="com.demowebshopproject.tests.LoginTest" name="providePaymentMethodAndInfo" time="1.435"/>
  <testcase classname="com.demowebshopproject.tests.LoginTest" name="confirmOrderAndVeirfyOrderDetails" time="3.908"/>
  <testcase classname="com.demowebshopproject.tests.LoginTest" name="verifyTestFailure" time="0.019">
    <skipped/>
  </testcase> <!-- verifyTestFailure -->
  <testcase classname="com.demowebshopproject.tests.LoginTest" name="verifyTestFailure" time="0.0">
    <skipped/>
  </testcase> <!-- verifyTestFailure -->
  <testcase classname="com.demowebshopproject.tests.LoginTest" name="verifyTestFailure" time="0.0">
    <failure type="java.lang.AssertionError" message="expected [true] but found [false]">
      <![CDATA[java.lang.AssertionError: expected [true] but found [false]
at com.demowebshopproject.tests.LoginTest.verifyTestFailure(LoginTest.java:232)
at java.base/java.util.ArrayList.forEach(ArrayList.java:1596)
... Removed 36 stack frames]]>
    </failure>
  </testcase> <!-- verifyTestFailure -->
</testsuite> <!-- chromeTest -->
