<!DOCTYPE html PUBLIC "-//W3C//DTD XHTML 1.1//EN" "https://www.w3.org/TR/xhtml11/DTD/xhtml11.dtd">
<html xmlns="https://www.w3.org/1999/xhtml">
<head>
<meta http-equiv="content-type" content="text/html; charset=UTF-8"/>
<title>TestNG Report</title>
<style type="text/css">table {margin-bottom:10px;border-collapse:collapse;empty-cells:show}th,td {border:1px solid #009;padding:.25em .5em}th {vertical-align:bottom}td {vertical-align:top}table a {font-weight:bold}.stripe td {background-color: #E6EBF9}.num {text-align:right}.passedodd td {background-color: #3F3}.passedeven td {background-color: #0A0}.skippedodd td {background-color: #DDD}.skippedeven td {background-color: #CCC}.failedodd td,.attn {background-color: #F33}.failedeven td,.stripe .attn {background-color: #D00}.stacktrace {white-space:pre;font-family:monospace}.totop {font-size:85%;text-align:center;border-bottom:2px solid #000}.invisible {display:none}</style>
</head>
<body>
<table>
<tr><th>Test</th><th># Passed</th><th># Skipped</th><th># Retried</th><th># Failed</th><th>Time (ms)</th><th>Included Groups</th><th>Excluded Groups</th></tr>
<tr><th colspan="8">Suite</th></tr>
<tr><td><a href="#t0">chromeTest</a></td><td class="num">8</td><td class="num">0</td><td class="num attn">2</td><td class="num attn">2</td><td class="num">36,294</td><td></td><td></td></tr>
<tr class="stripe"><td><a href="#t1">edgeTest</a></td><td class="num">9</td><td class="num">0</td><td class="num attn">2</td><td class="num attn">1</td><td class="num">38,542</td><td></td><td></td></tr>
<tr><th>Total</th><th class="num">17</th><th class="num">0</th><th class="num attn">4</th><th class="num attn">3</th><th class="num">74,836</th><th colspan="2"></th></tr>
</table>
<table id='summary'><thead><tr><th>Class</th><th>Method</th><th>Start</th><th>Time (ms)</th></tr></thead><tbody><tr><th colspan="4">Suite</th></tr></tbody><tbody id="t0"><tr><th colspan="4">chromeTest &#8212; failed</th></tr><tr class="failedeven"><td rowspan="2">com.demowebshopproject.tests.LoginTest</td><td><a href="#m0">confirmOrderAndVeirfyOrderDetails</a></td><td rowspan="1">1734343515141</td><td rowspan="1">1275</td></tr><tr class="failedeven"><td><a href="#m1">verifyTestFailure</a></td><td rowspan="1">1734343516813</td><td rowspan="1">2</td></tr><tr><th colspan="4">chromeTest &#8212; retried</th></tr><tr class="retriedeven"><td rowspan="2">com.demowebshopproject.tests.LoginTest</td><td><a href="#m2">verifyTestFailure</a></td><td rowspan="2">1734343516808</td><td rowspan="2">3</td></tr><tr class="retriedeven"><td><a href="#m3">verifyTestFailure</a></td></tr><tr><th colspan="4">chromeTest &#8212; passed</th></tr><tr class="passedeven"><td rowspan="8">com.demowebshopproject.tests.LoginTest</td><td><a href="#m4">addProductToCart</a></td><td rowspan="1">1734343507195</td><td rowspan="1">1622</td></tr><tr class="passedeven"><td><a href="#m5">compareScreenshots</a></td><td rowspan="1">1734343499692</td><td rowspan="1">2957</td></tr><tr class="passedeven"><td><a href="#m6">login</a></td><td rowspan="1">1734343496115</td><td rowspan="1">3187</td></tr><tr class="passedeven"><td><a href="#m7">navigateToCartAndCheckout</a></td><td rowspan="1">1734343508820</td><td rowspan="1">3544</td></tr><tr class="passedeven"><td><a href="#m8">providePaymentMethodAndInfo</a></td><td rowspan="1">1734343513956</td><td rowspan="1">1184</td></tr><tr class="passedeven"><td><a href="#m9">provideShippingAddressAndMethod</a></td><td rowspan="1">1734343512369</td><td rowspan="1">1587</td></tr><tr class="passedeven"><td><a href="#m10">readAndDisplayMenuItems</a></td><td rowspan="1">1734343499317</td><td rowspan="1">373</td></tr><tr class="passedeven"><td><a href="#m11">selectProductAndConfiguration</a></td><td rowspan="1">1734343502658</td><td rowspan="1">4532</td></tr></tbody>
<tbody id="t1"><tr><th colspan="4">edgeTest &#8212; failed</th></tr><tr class="failedeven"><td rowspan="1">com.demowebshopproject.tests.LoginTest</td><td><a href="#m12">verifyTestFailure</a></td><td rowspan="1">1734343518006</td><td rowspan="1">1</td></tr><tr><th colspan="4">edgeTest &#8212; retried</th></tr><tr class="retriedeven"><td rowspan="2">com.demowebshopproject.tests.LoginTest</td><td><a href="#m13">verifyTestFailure</a></td><td rowspan="2">1734343518003</td><td rowspan="2">0</td></tr><tr class="retriedeven"><td><a href="#m14">verifyTestFailure</a></td></tr><tr><th colspan="4">edgeTest &#8212; passed</th></tr><tr class="passedeven"><td rowspan="9">com.demowebshopproject.tests.LoginTest</td><td><a href="#m15">addProductToCart</a></td><td rowspan="1">1734343507294</td><td rowspan="1">1068</td></tr><tr class="passedeven"><td><a href="#m16">compareScreenshots</a></td><td rowspan="1">1734343500336</td><td rowspan="1">2452</td></tr><tr class="passedeven"><td><a href="#m17">confirmOrderAndVeirfyOrderDetails</a></td><td rowspan="1">1734343514622</td><td rowspan="1">3363</td></tr><tr class="passedeven"><td><a href="#m18">login</a></td><td rowspan="1">1734343496505</td><td rowspan="1">3380</td></tr><tr class="passedeven"><td><a href="#m19">navigateToCartAndCheckout</a></td><td rowspan="1">1734343508372</td><td rowspan="1">3521</td></tr><tr class="passedeven"><td><a href="#m20">providePaymentMethodAndInfo</a></td><td rowspan="1">1734343513539</td><td rowspan="1">1080</td></tr><tr class="passedeven"><td><a href="#m21">provideShippingAddressAndMethod</a></td><td rowspan="1">1734343511898</td><td rowspan="1">1637</td></tr><tr class="passedeven"><td><a href="#m22">readAndDisplayMenuItems</a></td><td rowspan="1">1734343499892</td><td rowspan="1">430</td></tr><tr class="passedeven"><td><a href="#m23">selectProductAndConfiguration</a></td><td rowspan="1">1734343502791</td><td rowspan="1">4498</td></tr></tbody>
</table>
<h2>chromeTest</h2><h3 id="m0">com.demowebshopproject.tests.LoginTest#confirmOrderAndVeirfyOrderDetails</h3><table class="result"><tr><th>Exception</th></tr><tr><td><div class="stacktrace">java.lang.IllegalArgumentException: ScreenCapture path must not be null or empty
	at com.aventstack.extentreports.util.Assert.notEmpty(Assert.java:12)
	at com.aventstack.extentreports.ExtentTest.addScreenCaptureFromPath(ExtentTest.java:1100)
	at com.demowebshopproject.utils.ExtentReportManager.onTestFailure(ExtentReportManager.java:70)
	at java.base/java.util.ArrayList.forEach(ArrayList.java:1511)
	at java.base/java.util.concurrent.FutureTask.run(FutureTask.java:264)
	at java.base/java.util.concurrent.ThreadPoolExecutor.runWorker(ThreadPoolExecutor.java:1130)
	at java.base/java.util.concurrent.ThreadPoolExecutor$Worker.run(ThreadPoolExecutor.java:630)
	at java.base/java.lang.Thread.run(Thread.java:832)
... Removed 14 stack frames</div></td></tr></table><p class="totop"><a href="#summary">back to summary</a></p>
<h3 id="m1">com.demowebshopproject.tests.LoginTest#verifyTestFailure</h3><table class="result"><tr><th>Exception</th></tr><tr><td><div class="stacktrace">java.lang.AssertionError: expected [true] but found [false]
	at com.demowebshopproject.tests.LoginTest.verifyTestFailure(LoginTest.java:232)
	at java.base/java.util.ArrayList.forEach(ArrayList.java:1511)
	at java.base/java.util.concurrent.FutureTask.run(FutureTask.java:264)
	at java.base/java.util.concurrent.ThreadPoolExecutor.runWorker(ThreadPoolExecutor.java:1130)
	at java.base/java.util.concurrent.ThreadPoolExecutor$Worker.run(ThreadPoolExecutor.java:630)
	at java.base/java.lang.Thread.run(Thread.java:832)
... Removed 24 stack frames</div></td></tr></table><p class="totop"><a href="#summary">back to summary</a></p>
<h3 id="m2">com.demowebshopproject.tests.LoginTest#verifyTestFailure</h3><table class="result"><tr><th>Exception</th></tr><tr><td><div class="stacktrace">java.lang.AssertionError: expected [true] but found [false]
	at com.demowebshopproject.tests.LoginTest.verifyTestFailure(LoginTest.java:232)
	at java.base/java.util.ArrayList.forEach(ArrayList.java:1511)
	at java.base/java.util.concurrent.FutureTask.run(FutureTask.java:264)
	at java.base/java.util.concurrent.ThreadPoolExecutor.runWorker(ThreadPoolExecutor.java:1130)
	at java.base/java.util.concurrent.ThreadPoolExecutor$Worker.run(ThreadPoolExecutor.java:630)
	at java.base/java.lang.Thread.run(Thread.java:832)
... Removed 24 stack frames</div></td></tr></table><p class="totop"><a href="#summary">back to summary</a></p>
<h3 id="m3">com.demowebshopproject.tests.LoginTest#verifyTestFailure</h3><table class="result"><tr><th>Exception</th></tr><tr><td><div class="stacktrace">java.lang.AssertionError: expected [true] but found [false]
	at com.demowebshopproject.tests.LoginTest.verifyTestFailure(LoginTest.java:232)
	at java.base/java.util.ArrayList.forEach(ArrayList.java:1511)
	at java.base/java.util.concurrent.FutureTask.run(FutureTask.java:264)
	at java.base/java.util.concurrent.ThreadPoolExecutor.runWorker(ThreadPoolExecutor.java:1130)
	at java.base/java.util.concurrent.ThreadPoolExecutor$Worker.run(ThreadPoolExecutor.java:630)
	at java.base/java.lang.Thread.run(Thread.java:832)
... Removed 24 stack frames</div></td></tr></table><p class="totop"><a href="#summary">back to summary</a></p>
<h3 id="m4">com.demowebshopproject.tests.LoginTest#addProductToCart</h3><table class="result"><tr><th class="invisible"/></tr></table><p class="totop"><a href="#summary">back to summary</a></p>
<h3 id="m5">com.demowebshopproject.tests.LoginTest#compareScreenshots</h3><table class="result"><tr><th class="invisible"/></tr></table><p class="totop"><a href="#summary">back to summary</a></p>
<h3 id="m6">com.demowebshopproject.tests.LoginTest#login</h3><table class="result"><tr><th class="invisible"/></tr></table><p class="totop"><a href="#summary">back to summary</a></p>
<h3 id="m7">com.demowebshopproject.tests.LoginTest#navigateToCartAndCheckout</h3><table class="result"><tr><th class="invisible"/></tr></table><p class="totop"><a href="#summary">back to summary</a></p>
<h3 id="m8">com.demowebshopproject.tests.LoginTest#providePaymentMethodAndInfo</h3><table class="result"><tr><th class="invisible"/></tr></table><p class="totop"><a href="#summary">back to summary</a></p>
<h3 id="m9">com.demowebshopproject.tests.LoginTest#provideShippingAddressAndMethod</h3><table class="result"><tr><th class="invisible"/></tr></table><p class="totop"><a href="#summary">back to summary</a></p>
<h3 id="m10">com.demowebshopproject.tests.LoginTest#readAndDisplayMenuItems</h3><table class="result"><tr><th class="invisible"/></tr></table><p class="totop"><a href="#summary">back to summary</a></p>
<h3 id="m11">com.demowebshopproject.tests.LoginTest#selectProductAndConfiguration</h3><table class="result"><tr><th class="invisible"/></tr></table><p class="totop"><a href="#summary">back to summary</a></p>
<h2>edgeTest</h2><h3 id="m12">com.demowebshopproject.tests.LoginTest#verifyTestFailure</h3><table class="result"><tr><th>Exception</th></tr><tr><td><div class="stacktrace">java.lang.AssertionError: expected [true] but found [false]
	at com.demowebshopproject.tests.LoginTest.verifyTestFailure(LoginTest.java:232)
	at java.base/java.util.ArrayList.forEach(ArrayList.java:1511)
	at java.base/java.util.concurrent.FutureTask.run(FutureTask.java:264)
	at java.base/java.util.concurrent.ThreadPoolExecutor.runWorker(ThreadPoolExecutor.java:1130)
	at java.base/java.util.concurrent.ThreadPoolExecutor$Worker.run(ThreadPoolExecutor.java:630)
	at java.base/java.lang.Thread.run(Thread.java:832)
... Removed 24 stack frames</div></td></tr></table><p class="totop"><a href="#summary">back to summary</a></p>
<h3 id="m13">com.demowebshopproject.tests.LoginTest#verifyTestFailure</h3><table class="result"><tr><th>Exception</th></tr><tr><td><div class="stacktrace">java.lang.AssertionError: expected [true] but found [false]
	at com.demowebshopproject.tests.LoginTest.verifyTestFailure(LoginTest.java:232)
	at java.base/java.util.ArrayList.forEach(ArrayList.java:1511)
	at java.base/java.util.concurrent.FutureTask.run(FutureTask.java:264)
	at java.base/java.util.concurrent.ThreadPoolExecutor.runWorker(ThreadPoolExecutor.java:1130)
	at java.base/java.util.concurrent.ThreadPoolExecutor$Worker.run(ThreadPoolExecutor.java:630)
	at java.base/java.lang.Thread.run(Thread.java:832)
... Removed 24 stack frames</div></td></tr></table><p class="totop"><a href="#summary">back to summary</a></p>
<h3 id="m14">com.demowebshopproject.tests.LoginTest#verifyTestFailure</h3><table class="result"><tr><th>Exception</th></tr><tr><td><div class="stacktrace">java.lang.AssertionError: expected [true] but found [false]
	at com.demowebshopproject.tests.LoginTest.verifyTestFailure(LoginTest.java:232)
	at java.base/java.util.ArrayList.forEach(ArrayList.java:1511)
	at java.base/java.util.concurrent.FutureTask.run(FutureTask.java:264)
	at java.base/java.util.concurrent.ThreadPoolExecutor.runWorker(ThreadPoolExecutor.java:1130)
	at java.base/java.util.concurrent.ThreadPoolExecutor$Worker.run(ThreadPoolExecutor.java:630)
	at java.base/java.lang.Thread.run(Thread.java:832)
... Removed 24 stack frames</div></td></tr></table><p class="totop"><a href="#summary">back to summary</a></p>
<h3 id="m15">com.demowebshopproject.tests.LoginTest#addProductToCart</h3><table class="result"><tr><th class="invisible"/></tr></table><p class="totop"><a href="#summary">back to summary</a></p>
<h3 id="m16">com.demowebshopproject.tests.LoginTest#compareScreenshots</h3><table class="result"><tr><th class="invisible"/></tr></table><p class="totop"><a href="#summary">back to summary</a></p>
<h3 id="m17">com.demowebshopproject.tests.LoginTest#confirmOrderAndVeirfyOrderDetails</h3><table class="result"><tr><th class="invisible"/></tr></table><p class="totop"><a href="#summary">back to summary</a></p>
<h3 id="m18">com.demowebshopproject.tests.LoginTest#login</h3><table class="result"><tr><th class="invisible"/></tr></table><p class="totop"><a href="#summary">back to summary</a></p>
<h3 id="m19">com.demowebshopproject.tests.LoginTest#navigateToCartAndCheckout</h3><table class="result"><tr><th class="invisible"/></tr></table><p class="totop"><a href="#summary">back to summary</a></p>
<h3 id="m20">com.demowebshopproject.tests.LoginTest#providePaymentMethodAndInfo</h3><table class="result"><tr><th class="invisible"/></tr></table><p class="totop"><a href="#summary">back to summary</a></p>
<h3 id="m21">com.demowebshopproject.tests.LoginTest#provideShippingAddressAndMethod</h3><table class="result"><tr><th class="invisible"/></tr></table><p class="totop"><a href="#summary">back to summary</a></p>
<h3 id="m22">com.demowebshopproject.tests.LoginTest#readAndDisplayMenuItems</h3><table class="result"><tr><th class="invisible"/></tr></table><p class="totop"><a href="#summary">back to summary</a></p>
<h3 id="m23">com.demowebshopproject.tests.LoginTest#selectProductAndConfiguration</h3><table class="result"><tr><th class="invisible"/></tr></table><p class="totop"><a href="#summary">back to summary</a></p>
</body>
</html>
