<?xml version="1.0" encoding="UTF-8"?>
<!-- Generated by org.testng.reporters.JUnitXMLReporter -->
<testsuite ignored="0" hostname="DESKTOP-K66FFMU" failures="2" tests="12" name="chromeTest" time="36.294" errors="0" timestamp="2024-12-16T15:35:18 IST">
  <testcase classname="com.demowebshopproject.tests.LoginTest" name="login" time="3.187"/>
  <testcase classname="com.demowebshopproject.tests.LoginTest" name="readAndDisplayMenuItems" time="0.373"/>
  <testcase classname="com.demowebshopproject.tests.LoginTest" name="compareScreenshots" time="2.957"/>
  <testcase classname="com.demowebshopproject.tests.LoginTest" name="selectProductAndConfiguration" time="4.532"/>
  <testcase classname="com.demowebshopproject.tests.LoginTest" name="addProductToCart" time="1.622"/>
  <testcase classname="com.demowebshopproject.tests.LoginTest" name="navigateToCartAndCheckout" time="3.544"/>
  <testcase classname="com.demowebshopproject.tests.LoginTest" name="provideShippingAddressAndMethod" time="1.587"/>
  <testcase classname="com.demowebshopproject.tests.LoginTest" name="providePaymentMethodAndInfo" time="1.184"/>
  <testcase classname="com.demowebshopproject.tests.LoginTest" name="confirmOrderAndVeirfyOrderDetails" time="1.275">
    <failure type="java.lang.IllegalArgumentException" message="ScreenCapture path must not be null or empty">
      <![CDATA[java.lang.IllegalArgumentException: ScreenCapture path must not be null or empty
at com.aventstack.extentreports.util.Assert.notEmpty(Assert.java:12)
at com.aventstack.extentreports.ExtentTest.addScreenCaptureFromPath(ExtentTest.java:1100)
at com.demowebshopproject.utils.ExtentReportManager.onTestFailure(ExtentReportManager.java:70)
at java.base/java.util.ArrayList.forEach(ArrayList.java:1511)
at java.base/java.util.concurrent.FutureTask.run(FutureTask.java:264)
at java.base/java.util.concurrent.ThreadPoolExecutor.runWorker(ThreadPoolExecutor.java:1130)
at java.base/java.util.concurrent.ThreadPoolExecutor$Worker.run(ThreadPoolExecutor.java:630)
at java.base/java.lang.Thread.run(Thread.java:832)
... Removed 14 stack frames]]>
    </failure>
  </testcase> <!-- confirmOrderAndVeirfyOrderDetails -->
  <testcase classname="com.demowebshopproject.tests.LoginTest" name="verifyTestFailure" time="0.019">
    <skipped/>
  </testcase> <!-- verifyTestFailure -->
  <testcase classname="com.demowebshopproject.tests.LoginTest" name="verifyTestFailure" time="0.003">
    <skipped/>
  </testcase> <!-- verifyTestFailure -->
  <testcase classname="com.demowebshopproject.tests.LoginTest" name="verifyTestFailure" time="0.002">
    <failure type="java.lang.AssertionError" message="expected [true] but found [false]">
      <![CDATA[java.lang.AssertionError: expected [true] but found [false]
at com.demowebshopproject.tests.LoginTest.verifyTestFailure(LoginTest.java:232)
at java.base/java.util.ArrayList.forEach(ArrayList.java:1511)
at java.base/java.util.concurrent.FutureTask.run(FutureTask.java:264)
at java.base/java.util.concurrent.ThreadPoolExecutor.runWorker(ThreadPoolExecutor.java:1130)
at java.base/java.util.concurrent.ThreadPoolExecutor$Worker.run(ThreadPoolExecutor.java:630)
at java.base/java.lang.Thread.run(Thread.java:832)
... Removed 24 stack frames]]>
    </failure>
  </testcase> <!-- verifyTestFailure -->
</testsuite> <!-- chromeTest -->
