<!DOCTYPE html PUBLIC "-//W3C//DTD XHTML 1.1//EN" "https://www.w3.org/TR/xhtml11/DTD/xhtml11.dtd">
<html xmlns="https://www.w3.org/1999/xhtml">
<head>
<meta http-equiv="content-type" content="text/html; charset=UTF-8"/>
<title>TestNG Report</title>
<style type="text/css">table {margin-bottom:10px;border-collapse:collapse;empty-cells:show}th,td {border:1px solid #009;padding:.25em .5em}th {vertical-align:bottom}td {vertical-align:top}table a {font-weight:bold}.stripe td {background-color: #E6EBF9}.num {text-align:right}.passedodd td {background-color: #3F3}.passedeven td {background-color: #0A0}.skippedodd td {background-color: #DDD}.skippedeven td {background-color: #CCC}.failedodd td,.attn {background-color: #F33}.failedeven td,.stripe .attn {background-color: #D00}.stacktrace {white-space:pre;font-family:monospace}.totop {font-size:85%;text-align:center;border-bottom:2px solid #000}.invisible {display:none}</style>
</head>
<body>
<table>
<tr><th>Test</th><th># Passed</th><th># Skipped</th><th># Retried</th><th># Failed</th><th>Time (ms)</th><th>Included Groups</th><th>Excluded Groups</th></tr>
<tr><th colspan="8">Suite</th></tr>
<tr><td><a href="#t0">chromeTest</a></td><td class="num">9</td><td class="num">0</td><td class="num attn">2</td><td class="num attn">1</td><td class="num">27,420</td><td></td><td></td></tr>
</table>
<table id='summary'><thead><tr><th>Class</th><th>Method</th><th>Start</th><th>Time (ms)</th></tr></thead><tbody><tr><th colspan="4">Suite</th></tr></tbody><tbody id="t0"><tr><th colspan="4">chromeTest &#8212; failed</th></tr><tr class="failedeven"><td rowspan="1">com.demowebshopproject.tests.LoginTest</td><td><a href="#m0">verifyTestFailure</a></td><td rowspan="1">1733825976070</td><td rowspan="1">0</td></tr><tr><th colspan="4">chromeTest &#8212; retried</th></tr><tr class="retriedeven"><td rowspan="2">com.demowebshopproject.tests.LoginTest</td><td><a href="#m1">verifyTestFailure</a></td><td rowspan="2">1733825976044</td><td rowspan="2">19</td></tr><tr class="retriedeven"><td><a href="#m2">verifyTestFailure</a></td></tr><tr><th colspan="4">chromeTest &#8212; passed</th></tr><tr class="passedeven"><td rowspan="9">com.demowebshopproject.tests.LoginTest</td><td><a href="#m3">addProductToCart</a></td><td rowspan="1">1733825964174</td><td rowspan="1">540</td></tr><tr class="passedeven"><td><a href="#m4">compareScreenshots</a></td><td rowspan="1">1733825958346</td><td rowspan="1">2239</td></tr><tr class="passedeven"><td><a href="#m5">confirmOrderAndVeirfyOrderDetails</a></td><td rowspan="1">1733825972136</td><td rowspan="1">3908</td></tr><tr class="passedeven"><td><a href="#m6">login</a></td><td rowspan="1">1733825955484</td><td rowspan="1">2330</td></tr><tr class="passedeven"><td><a href="#m7">navigateToCartAndCheckout</a></td><td rowspan="1">1733825964719</td><td rowspan="1">4419</td></tr><tr class="passedeven"><td><a href="#m8">providePaymentMethodAndInfo</a></td><td rowspan="1">1733825970634</td><td rowspan="1">1435</td></tr><tr class="passedeven"><td><a href="#m9">provideShippingAddressAndMethod</a></td><td rowspan="1">1733825969146</td><td rowspan="1">1488</td></tr><tr class="passedeven"><td><a href="#m10">readAndDisplayMenuItems</a></td><td rowspan="1">1733825957826</td><td rowspan="1">520</td></tr><tr class="passedeven"><td><a href="#m11">selectProductAndConfiguration</a></td><td rowspan="1">1733825960585</td><td rowspan="1">3587</td></tr></tbody>
</table>
<h2>chromeTest</h2><h3 id="m0">com.demowebshopproject.tests.LoginTest#verifyTestFailure</h3><table class="result"><tr><th>Exception</th></tr><tr><td><div class="stacktrace">java.lang.AssertionError: expected [true] but found [false]
	at com.demowebshopproject.tests.LoginTest.verifyTestFailure(LoginTest.java:232)
	at java.base/java.util.ArrayList.forEach(ArrayList.java:1596)
... Removed 36 stack frames</div></td></tr></table><p class="totop"><a href="#summary">back to summary</a></p>
<h3 id="m1">com.demowebshopproject.tests.LoginTest#verifyTestFailure</h3><table class="result"><tr><th>Exception</th></tr><tr><td><div class="stacktrace">java.lang.AssertionError: expected [true] but found [false]
	at com.demowebshopproject.tests.LoginTest.verifyTestFailure(LoginTest.java:232)
	at java.base/java.util.ArrayList.forEach(ArrayList.java:1596)
... Removed 36 stack frames</div></td></tr></table><p class="totop"><a href="#summary">back to summary</a></p>
<h3 id="m2">com.demowebshopproject.tests.LoginTest#verifyTestFailure</h3><table class="result"><tr><th>Exception</th></tr><tr><td><div class="stacktrace">java.lang.AssertionError: expected [true] but found [false]
	at com.demowebshopproject.tests.LoginTest.verifyTestFailure(LoginTest.java:232)
	at java.base/java.util.ArrayList.forEach(ArrayList.java:1596)
... Removed 36 stack frames</div></td></tr></table><p class="totop"><a href="#summary">back to summary</a></p>
<h3 id="m3">com.demowebshopproject.tests.LoginTest#addProductToCart</h3><table class="result"><tr><th class="invisible"/></tr></table><p class="totop"><a href="#summary">back to summary</a></p>
<h3 id="m4">com.demowebshopproject.tests.LoginTest#compareScreenshots</h3><table class="result"><tr><th class="invisible"/></tr></table><p class="totop"><a href="#summary">back to summary</a></p>
<h3 id="m5">com.demowebshopproject.tests.LoginTest#confirmOrderAndVeirfyOrderDetails</h3><table class="result"><tr><th class="invisible"/></tr></table><p class="totop"><a href="#summary">back to summary</a></p>
<h3 id="m6">com.demowebshopproject.tests.LoginTest#login</h3><table class="result"><tr><th class="invisible"/></tr></table><p class="totop"><a href="#summary">back to summary</a></p>
<h3 id="m7">com.demowebshopproject.tests.LoginTest#navigateToCartAndCheckout</h3><table class="result"><tr><th class="invisible"/></tr></table><p class="totop"><a href="#summary">back to summary</a></p>
<h3 id="m8">com.demowebshopproject.tests.LoginTest#providePaymentMethodAndInfo</h3><table class="result"><tr><th class="invisible"/></tr></table><p class="totop"><a href="#summary">back to summary</a></p>
<h3 id="m9">com.demowebshopproject.tests.LoginTest#provideShippingAddressAndMethod</h3><table class="result"><tr><th class="invisible"/></tr></table><p class="totop"><a href="#summary">back to summary</a></p>
<h3 id="m10">com.demowebshopproject.tests.LoginTest#readAndDisplayMenuItems</h3><table class="result"><tr><th class="invisible"/></tr></table><p class="totop"><a href="#summary">back to summary</a></p>
<h3 id="m11">com.demowebshopproject.tests.LoginTest#selectProductAndConfiguration</h3><table class="result"><tr><th class="invisible"/></tr></table><p class="totop"><a href="#summary">back to summary</a></p>
</body>
</html>
